#
# There is insufficient memory for the Java Runtime Environment to continue.
# Native memory allocation (malloc) failed to allocate 1048576 bytes for AllocateHeap
# Possible reasons:
#   The system is out of physical RAM or swap space
#   The process is running with CompressedOops enabled, and the Java Heap may be blocking the growth of the native heap
# Possible solutions:
#   Reduce memory load on the system
#   Increase physical memory or swap space
#   Check if swap backing store is full
#   Decrease Java heap size (-Xmx/-Xms)
#   Decrease number of Java threads
#   Decrease Java thread stack sizes (-Xss)
#   Set larger code cache with -XX:ReservedCodeCacheSize=
#   JVM is running with Unscaled Compressed Oops mode in which the Java heap is
#     placed in the first 4GB address space. The Java Heap base address is the
#     maximum limit for the native heap growth. Please use -XX:HeapBaseMinAddress
#     to set the Java Heap base and to place the Java Heap above 4GB virtual address.
# This output file may be truncated or incomplete.
#
#  Out of Memory Error (allocation.cpp:44), pid=1852, tid=14292
#
# JRE version: OpenJDK Runtime Environment Temurin-17.0.5+8 (17.0.5+8) (build 17.0.5+8)
# Java VM: OpenJDK 64-Bit Server VM Temurin-17.0.5+8 (17.0.5+8, mixed mode, emulated-client, tiered, compressed oops, compressed class ptrs, g1 gc, windows-amd64)
# No core dump will be written. Minidumps are not enabled by default on client versions of Windows
#

---------------  S U M M A R Y ------------

Command Line: -Dsts.lsp.client=vscode -Dsts.log.file=/dev/null -XX:TieredStopAtLevel=1 -Xlog:jni+resolve=off -Dspring.config.location=file:c:\Users\kelve\.vscode\extensions\pivotal.vscode-spring-boot-1.42.0\language-server\BOOT-INF\classes\application.properties org.springframework.ide.vscode.boot.app.BootLanguageServerBootApp

Host: Intel(R) Core(TM) m3-7Y30 CPU @ 1.00GHz, 4 cores, 3G,  Windows 10 , 64 bit Build 19041 (10.0.19041.2251)
Time: Thu Dec 15 15:30:44 2022 Hora Padrão de Cabo Verde elapsed time: 19021.970443 seconds (0d 5h 17m 1s)

---------------  T H R E A D  ---------------

Current thread (0x00000210b97f9d00):  VMThread "VM Thread" [stack: 0x000000cb0be00000,0x000000cb0bf00000] [id=14292]

Stack: [0x000000cb0be00000,0x000000cb0bf00000]
Native frames: (J=compiled Java code, j=interpreted, Vv=VM code, C=native code)
V  [jvm.dll+0x676b3a]
V  [jvm.dll+0x831444]
V  [jvm.dll+0x832bee]
V  [jvm.dll+0x833253]
V  [jvm.dll+0x244ce5]
V  [jvm.dll+0xa631f]
V  [jvm.dll+0x2f4f03]
V  [jvm.dll+0x2f0c10]
V  [jvm.dll+0x2d92f7]
V  [jvm.dll+0x31c3b7]
V  [jvm.dll+0x8376fb]
V  [jvm.dll+0x838434]
V  [jvm.dll+0x83894c]
V  [jvm.dll+0x838d24]
V  [jvm.dll+0x838df0]
V  [jvm.dll+0x7e17ea]
V  [jvm.dll+0x6759e5]
C  [ucrtbase.dll+0x21bb2]
C  [KERNEL32.DLL+0x174b4]
C  [ntdll.dll+0x526a1]

VM_Operation (0x000000cb0cdfed20): G1CollectFull, mode: safepoint, requested by thread 0x00000210bc0ab870


---------------  P R O C E S S  ---------------

Threads class SMR info:
_java_thread_list=0x00000210bc6965b0, length=29, elements={
0x00000210b980fb40, 0x00000210b98109b0, 0x00000210b9843800, 0x00000210b98441b0,
0x00000210b9844b60, 0x00000210b9845510, 0x00000210b9845f70, 0x00000210b9846960,
0x00000210ba5c83b0, 0x00000210ba5d4fe0, 0x00000210bbda9020, 0x00000210bc0ab870,
0x00000210bae479c0, 0x00000210ad427200, 0x00000210bbbb4960, 0x00000210bbcae2a0,
0x00000210bc106880, 0x00000210bc105070, 0x00000210bc105540, 0x00000210bc105ee0,
0x00000210bc2d65f0, 0x00000210bc2d5780, 0x00000210bc2d9140, 0x00000210bc2d4440,
0x00000210bc2d6ac0, 0x00000210bc2d4de0, 0x00000210bc2da950, 0x00000210bc2d8c70,
0x00000210bc2da480
}

Java Threads: ( => current thread )
  0x00000210b980fb40 JavaThread "Reference Handler" daemon [_thread_blocked, id=5436, stack(0x000000cb0bf00000,0x000000cb0c000000)]
  0x00000210b98109b0 JavaThread "Finalizer" daemon [_thread_blocked, id=13176, stack(0x000000cb0c000000,0x000000cb0c100000)]
  0x00000210b9843800 JavaThread "Signal Dispatcher" daemon [_thread_blocked, id=12692, stack(0x000000cb0c100000,0x000000cb0c200000)]
  0x00000210b98441b0 JavaThread "Attach Listener" daemon [_thread_blocked, id=9748, stack(0x000000cb0c200000,0x000000cb0c300000)]
  0x00000210b9844b60 JavaThread "Service Thread" daemon [_thread_blocked, id=12380, stack(0x000000cb0c300000,0x000000cb0c400000)]
  0x00000210b9845510 JavaThread "Monitor Deflation Thread" daemon [_thread_blocked, id=10700, stack(0x000000cb0c400000,0x000000cb0c500000)]
  0x00000210b9845f70 JavaThread "C1 CompilerThread0" daemon [_thread_blocked, id=2460, stack(0x000000cb0c500000,0x000000cb0c600000)]
  0x00000210b9846960 JavaThread "Sweeper thread" daemon [_thread_blocked, id=3176, stack(0x000000cb0c600000,0x000000cb0c700000)]
  0x00000210ba5c83b0 JavaThread "Notification Thread" daemon [_thread_blocked, id=6920, stack(0x000000cb0c700000,0x000000cb0c800000)]
  0x00000210ba5d4fe0 JavaThread "Common-Cleaner" daemon [_thread_blocked, id=12972, stack(0x000000cb0c900000,0x000000cb0ca00000)]
  0x00000210bbda9020 JavaThread "boundedElastic-evictor-1" daemon [_thread_blocked, id=13368, stack(0x000000cb0cf00000,0x000000cb0d000000)]
  0x00000210bc0ab870 JavaThread "pool-11-thread-1" [_thread_blocked, id=1884, stack(0x000000cb0cd00000,0x000000cb0ce00000)]
  0x00000210bae479c0 JavaThread "LanguageServerApp-lifecycle" [_thread_blocked, id=5064, stack(0x000000cb0d000000,0x000000cb0d100000)]
  0x00000210ad427200 JavaThread "DestroyJavaVM" [_thread_blocked, id=9128, stack(0x000000cb0b800000,0x000000cb0b900000)]
  0x00000210bbbb4960 JavaThread "pool-12-thread-1" [_thread_in_native, id=2388, stack(0x000000cb0d100000,0x000000cb0d200000)]
  0x00000210bbcae2a0 JavaThread "Simple-Language-Server main thread" daemon [_thread_blocked, id=7176, stack(0x000000cb0d200000,0x000000cb0d300000)]
  0x00000210bc106880 JavaThread "pool-8-thread-1" [_thread_blocked, id=8588, stack(0x000000cb0d600000,0x000000cb0d700000)]
  0x00000210bc105070 JavaThread "parallel-1" daemon [_thread_blocked, id=2696, stack(0x000000cb0d700000,0x000000cb0d800000)]
  0x00000210bc105540 JavaThread "Reconciler-1" daemon [_thread_blocked, id=7052, stack(0x000000cb0d900000,0x000000cb0da00000)]
  0x00000210bc105ee0 JavaThread "parallel-2" daemon [_thread_blocked, id=10968, stack(0x000000cb0da00000,0x000000cb0db00000)]
  0x00000210bc2d65f0 JavaThread "pool-6-thread-1" [_thread_blocked, id=7956, stack(0x000000cb0e600000,0x000000cb0e700000)]
  0x00000210bc2d5780 JavaThread "pool-10-thread-1" [_thread_blocked, id=8784, stack(0x000000cb0e700000,0x000000cb0e800000)]
  0x00000210bc2d9140 JavaThread "pool-10-thread-2" [_thread_blocked, id=11356, stack(0x000000cb0e800000,0x000000cb0e900000)]
  0x00000210bc2d4440 JavaThread "parallel-3" daemon [_thread_blocked, id=1192, stack(0x000000cb0eb00000,0x000000cb0ec00000)]
  0x00000210bc2d6ac0 JavaThread "parallel-4" daemon [_thread_blocked, id=10640, stack(0x000000cb0ec00000,0x000000cb0ed00000)]
  0x00000210bc2d4de0 JavaThread "pool-10-thread-3" [_thread_blocked, id=11520, stack(0x000000cb0ee00000,0x000000cb0ef00000)]
  0x00000210bc2da950 JavaThread "pool-5-thread-95" [_thread_blocked, id=14504, stack(0x000000cb0b600000,0x000000cb0b700000)]
  0x00000210bc2d8c70 JavaThread "ForkJoinPool.commonPool-worker-62" daemon [_thread_blocked, id=14552, stack(0x000000cb0b700000,0x000000cb0b800000)]
  0x00000210bc2da480 JavaThread "pool-2-thread-57" [_thread_blocked, id=14924, stack(0x000000cb0ca00000,0x000000cb0cb00000)]

Other Threads:
=>0x00000210b97f9d00 VMThread "VM Thread" [stack: 0x000000cb0be00000,0x000000cb0bf00000] [id=14292]
  0x00000210ba5c8880 WatcherThread [stack: 0x000000cb0c800000,0x000000cb0c900000] [id=3036]
  0x00000210ad462e50 GCTaskThread "GC Thread#0" [stack: 0x000000cb0b900000,0x000000cb0ba00000] [id=5940]
  0x00000210ba526390 GCTaskThread "GC Thread#1" [stack: 0x000000cb0cb00000,0x000000cb0cc00000] [id=7980]
  0x00000210ba7aab50 GCTaskThread "GC Thread#2" [stack: 0x000000cb0cc00000,0x000000cb0cd00000] [id=12832]
  0x00000210baf51380 GCTaskThread "GC Thread#3" [stack: 0x000000cb0ce00000,0x000000cb0cf00000] [id=10244]
  0x00000210ad46ba50 ConcurrentGCThread "G1 Main Marker" [stack: 0x000000cb0ba00000,0x000000cb0bb00000] [id=1444]
  0x00000210ad46c460 ConcurrentGCThread "G1 Conc#0" [stack: 0x000000cb0bb00000,0x000000cb0bc00000] [id=2400]
  0x00000210ad4b79d0 ConcurrentGCThread "G1 Refine#0" [stack: 0x000000cb0bc00000,0x000000cb0bd00000] [id=2928]
  0x00000210bc7af550 ConcurrentGCThread "G1 Refine#1" [stack: 0x000000cb0e900000,0x000000cb0ea00000] [id=14148]
  0x00000210bdda9c60 ConcurrentGCThread "G1 Refine#2" [stack: 0x000000cb0db00000,0x000000cb0dc00000] [id=1684]
  0x00000210ad4b83f0 ConcurrentGCThread "G1 Service" [stack: 0x000000cb0bd00000,0x000000cb0be00000] [id=9064]

Threads with active compile tasks:

VM state: at safepoint (normal execution)

VM Mutex/Monitor currently owned by a thread:  ([mutex/lock_event])
[0x00000210ad2574c0] Threads_lock - owner thread: 0x00000210b97f9d00
[0x00000210ad4241c0] Heap_lock - owner thread: 0x00000210bc0ab870

Heap address: 0x00000000c1a00000, size: 998 MB, Compressed Oops mode: 32-bit

CDS archive(s) not mapped
Compressed class space mapped at: 0x0000000100000000-0x0000000140000000, reserved size: 1073741824
Narrow klass base: 0x0000000000000000, Narrow klass shift: 3, Narrow klass range: 0x140000000

GC Precious Log:
 CPUs: 4 total, 4 available
 Memory: 3986M
 Large Page Support: Disabled
 NUMA Support: Disabled
 Compressed Oops: Enabled (32-bit)
 Heap Region Size: 1M
 Heap Min Capacity: 8M
 Heap Initial Capacity: 64M
 Heap Max Capacity: 998M
 Pre-touch: Disabled
 Parallel Workers: 4
 Concurrent Workers: 1
 Concurrent Refinement Workers: 4
 Periodic GC: Disabled

Heap:
 garbage-first heap   total 137216K, used 39822K [0x00000000c1a00000, 0x0000000100000000)
  region size 1024K, 1 young (1024K), 0 survivors (0K)
 Metaspace       used 63993K, committed 64448K, reserved 1105920K
  class space    used 8561K, committed 8768K, reserved 1048576K

Heap Regions: E=young(eden), S=young(survivor), O=old, HS=humongous(starts), HC=humongous(continues), CS=collection set, F=free, OA=open archive, CA=closed archive, TAMS=top-at-mark-start (previous, next)
|   0|0x00000000c1a00000, 0x00000000c1b00000, 0x00000000c1b00000|100%| O|  |TAMS 0x00000000c1b00000, 0x00000000c1a00000| Untracked 
|   1|0x00000000c1b00000, 0x00000000c1c00000, 0x00000000c1c00000|100%| O|  |TAMS 0x00000000c1b00000, 0x00000000c1b00000| Untracked 
|   2|0x00000000c1c00000, 0x00000000c1d00000, 0x00000000c1d00000|100%| O|  |TAMS 0x00000000c1d00000, 0x00000000c1c00000| Untracked 
|   3|0x00000000c1d00000, 0x00000000c1dfff98, 0x00000000c1e00000| 99%| O|  |TAMS 0x00000000c1dfff98, 0x00000000c1d00000| Untracked 
|   4|0x00000000c1e00000, 0x00000000c1f00000, 0x00000000c1f00000|100%| O|  |TAMS 0x00000000c1f00000, 0x00000000c1e00000| Untracked 
|   5|0x00000000c1f00000, 0x00000000c2000000, 0x00000000c2000000|100%| O|  |TAMS 0x00000000c2000000, 0x00000000c1f00000| Untracked 
|   6|0x00000000c2000000, 0x00000000c20fffe0, 0x00000000c2100000| 99%| O|  |TAMS 0x00000000c20fffe0, 0x00000000c2000000| Untracked 
|   7|0x00000000c2100000, 0x00000000c21fff40, 0x00000000c2200000| 99%| O|  |TAMS 0x00000000c2100000, 0x00000000c2100000| Untracked 
|   8|0x00000000c2200000, 0x00000000c2300000, 0x00000000c2300000|100%| O|  |TAMS 0x00000000c2300000, 0x00000000c2200000| Untracked 
|   9|0x00000000c2300000, 0x00000000c23ffff0, 0x00000000c2400000| 99%| O|  |TAMS 0x00000000c23ffff0, 0x00000000c2300000| Untracked 
|  10|0x00000000c2400000, 0x00000000c24fffb0, 0x00000000c2500000| 99%| O|  |TAMS 0x00000000c24fffb0, 0x00000000c2400000| Untracked 
|  11|0x00000000c2500000, 0x00000000c25ffff0, 0x00000000c2600000| 99%| O|  |TAMS 0x00000000c25ffff0, 0x00000000c2500000| Untracked 
|  12|0x00000000c2600000, 0x00000000c26fffb8, 0x00000000c2700000| 99%| O|  |TAMS 0x00000000c26fffb8, 0x00000000c2600000| Untracked 
|  13|0x00000000c2700000, 0x00000000c27ffff8, 0x00000000c2800000| 99%| O|  |TAMS 0x00000000c27ffff8, 0x00000000c2700000| Untracked 
|  14|0x00000000c2800000, 0x00000000c28fffe0, 0x00000000c2900000| 99%| O|  |TAMS 0x00000000c28fffe0, 0x00000000c2800000| Untracked 
|  15|0x00000000c2900000, 0x00000000c29fffc0, 0x00000000c2a00000| 99%| O|  |TAMS 0x00000000c29fffc0, 0x00000000c2900000| Untracked 
|  16|0x00000000c2a00000, 0x00000000c2afffd0, 0x00000000c2b00000| 99%| O|  |TAMS 0x00000000c2afffd0, 0x00000000c2a00000| Untracked 
|  17|0x00000000c2b00000, 0x00000000c2c00000, 0x00000000c2c00000|100%|HS|  |TAMS 0x00000000c2c00000, 0x00000000c2b00000| Untracked 
|  18|0x00000000c2c00000, 0x00000000c2cfffe0, 0x00000000c2d00000| 99%| O|  |TAMS 0x00000000c2cfffe0, 0x00000000c2c00000| Untracked 
|  19|0x00000000c2d00000, 0x00000000c2dfffc0, 0x00000000c2e00000| 99%| O|  |TAMS 0x00000000c2dfffc0, 0x00000000c2d00000| Untracked 
|  20|0x00000000c2e00000, 0x00000000c2effff8, 0x00000000c2f00000| 99%| O|  |TAMS 0x00000000c2effff8, 0x00000000c2e00000| Untracked 
|  21|0x00000000c2f00000, 0x00000000c3000000, 0x00000000c3000000|100%| O|  |TAMS 0x00000000c3000000, 0x00000000c2f00000| Untracked 
|  22|0x00000000c3000000, 0x00000000c30fb470, 0x00000000c3100000| 98%| O|  |TAMS 0x00000000c30fb470, 0x00000000c3000000| Untracked 
|  23|0x00000000c3100000, 0x00000000c31ffe88, 0x00000000c3200000| 99%| O|  |TAMS 0x00000000c31ffe88, 0x00000000c3100000| Untracked 
|  24|0x00000000c3200000, 0x00000000c3300000, 0x00000000c3300000|100%| O|  |TAMS 0x00000000c3300000, 0x00000000c3200000| Untracked 
|  25|0x00000000c3300000, 0x00000000c33f9ab8, 0x00000000c3400000| 97%| O|  |TAMS 0x00000000c33f9ab8, 0x00000000c3300000| Untracked 
|  26|0x00000000c3400000, 0x00000000c34ffdb0, 0x00000000c3500000| 99%| O|  |TAMS 0x00000000c34ffdb0, 0x00000000c3400000| Untracked 
|  27|0x00000000c3500000, 0x00000000c35ffe48, 0x00000000c3600000| 99%| O|  |TAMS 0x00000000c35ffe48, 0x00000000c3500000| Untracked 
|  28|0x00000000c3600000, 0x00000000c36fffe8, 0x00000000c3700000| 99%| O|  |TAMS 0x00000000c36fffe8, 0x00000000c3600000| Untracked 
|  29|0x00000000c3700000, 0x00000000c37ee778, 0x00000000c3800000| 93%| O|  |TAMS 0x00000000c3700000, 0x00000000c3700000| Untracked 
|  30|0x00000000c3800000, 0x00000000c38fefc0, 0x00000000c3900000| 99%| O|  |TAMS 0x00000000c38fefc0, 0x00000000c3800000| Untracked 
|  31|0x00000000c3900000, 0x00000000c39f72c0, 0x00000000c3a00000| 96%| O|  |TAMS 0x00000000c3900000, 0x00000000c3900000| Untracked 
|  32|0x00000000c3a00000, 0x00000000c3a00000, 0x00000000c3b00000|  0%| F|  |TAMS 0x00000000c3a00000, 0x00000000c3a00000| Untracked 
|  33|0x00000000c3b00000, 0x00000000c3b00000, 0x00000000c3c00000|  0%| F|  |TAMS 0x00000000c3b00000, 0x00000000c3b00000| Untracked 
|  34|0x00000000c3c00000, 0x00000000c3c00000, 0x00000000c3d00000|  0%| F|  |TAMS 0x00000000c3c00000, 0x00000000c3c00000| Untracked 
|  35|0x00000000c3d00000, 0x00000000c3d00000, 0x00000000c3e00000|  0%| F|  |TAMS 0x00000000c3d00000, 0x00000000c3d00000| Untracked 
|  36|0x00000000c3e00000, 0x00000000c3efffc8, 0x00000000c3f00000| 99%| O|  |TAMS 0x00000000c3efffc8, 0x00000000c3e00000| Untracked 
|  37|0x00000000c3f00000, 0x00000000c3f00000, 0x00000000c4000000|  0%| F|  |TAMS 0x00000000c3f00000, 0x00000000c3f00000| Untracked 
|  38|0x00000000c4000000, 0x00000000c4000000, 0x00000000c4100000|  0%| F|  |TAMS 0x00000000c4000000, 0x00000000c4000000| Untracked 
|  39|0x00000000c4100000, 0x00000000c4100000, 0x00000000c4200000|  0%| F|  |TAMS 0x00000000c4100000, 0x00000000c4100000| Untracked 
|  40|0x00000000c4200000, 0x00000000c4200000, 0x00000000c4300000|  0%| F|  |TAMS 0x00000000c4200000, 0x00000000c4200000| Untracked 
|  41|0x00000000c4300000, 0x00000000c4300000, 0x00000000c4400000|  0%| F|  |TAMS 0x00000000c4300000, 0x00000000c4300000| Untracked 
|  42|0x00000000c4400000, 0x00000000c4500000, 0x00000000c4500000|100%|HS|  |TAMS 0x00000000c4500000, 0x00000000c4400000| Untracked 
|  43|0x00000000c4500000, 0x00000000c4600000, 0x00000000c4600000|100%|HC|  |TAMS 0x00000000c4600000, 0x00000000c4500000| Untracked 
|  44|0x00000000c4600000, 0x00000000c4700000, 0x00000000c4700000|100%|HS|  |TAMS 0x00000000c4700000, 0x00000000c4600000| Untracked 
|  45|0x00000000c4700000, 0x00000000c4700000, 0x00000000c4800000|  0%| F|  |TAMS 0x00000000c4700000, 0x00000000c4700000| Untracked 
|  46|0x00000000c4800000, 0x00000000c4800000, 0x00000000c4900000|  0%| F|  |TAMS 0x00000000c4800000, 0x00000000c4800000| Untracked 
|  47|0x00000000c4900000, 0x00000000c4900000, 0x00000000c4a00000|  0%| F|  |TAMS 0x00000000c4900000, 0x00000000c4900000| Untracked 
|  48|0x00000000c4a00000, 0x00000000c4a00000, 0x00000000c4b00000|  0%| F|  |TAMS 0x00000000c4a00000, 0x00000000c4a00000| Untracked 
|  49|0x00000000c4b00000, 0x00000000c4b00000, 0x00000000c4c00000|  0%| F|  |TAMS 0x00000000c4b00000, 0x00000000c4b00000| Untracked 
|  50|0x00000000c4c00000, 0x00000000c4c00000, 0x00000000c4d00000|  0%| F|  |TAMS 0x00000000c4c00000, 0x00000000c4c00000| Untracked 
|  51|0x00000000c4d00000, 0x00000000c4d00000, 0x00000000c4e00000|  0%| F|  |TAMS 0x00000000c4d00000, 0x00000000c4d00000| Untracked 
|  52|0x00000000c4e00000, 0x00000000c4e00000, 0x00000000c4f00000|  0%| F|  |TAMS 0x00000000c4e00000, 0x00000000c4e00000| Untracked 
|  53|0x00000000c4f00000, 0x00000000c4f00000, 0x00000000c5000000|  0%| F|  |TAMS 0x00000000c4f00000, 0x00000000c4f00000| Untracked 
|  54|0x00000000c5000000, 0x00000000c5000000, 0x00000000c5100000|  0%| F|  |TAMS 0x00000000c5000000, 0x00000000c5000000| Untracked 
|  55|0x00000000c5100000, 0x00000000c510a9b0, 0x00000000c5200000|  4%| O|  |TAMS 0x00000000c5100000, 0x00000000c5100000| Untracked 
|  56|0x00000000c5200000, 0x00000000c5200000, 0x00000000c5300000|  0%| F|  |TAMS 0x00000000c5200000, 0x00000000c5200000| Untracked 
|  57|0x00000000c5300000, 0x00000000c5300000, 0x00000000c5400000|  0%| F|  |TAMS 0x00000000c5300000, 0x00000000c5300000| Untracked 
|  58|0x00000000c5400000, 0x00000000c5400000, 0x00000000c5500000|  0%| F|  |TAMS 0x00000000c5400000, 0x00000000c5400000| Untracked 
|  59|0x00000000c5500000, 0x00000000c5500000, 0x00000000c5600000|  0%| F|  |TAMS 0x00000000c5500000, 0x00000000c5500000| Untracked 
|  60|0x00000000c5600000, 0x00000000c5600000, 0x00000000c5700000|  0%| F|  |TAMS 0x00000000c5600000, 0x00000000c5600000| Untracked 
|  61|0x00000000c5700000, 0x00000000c5700000, 0x00000000c5800000|  0%| F|  |TAMS 0x00000000c5700000, 0x00000000c5700000| Untracked 
|  62|0x00000000c5800000, 0x00000000c5800000, 0x00000000c5900000|  0%| F|  |TAMS 0x00000000c5800000, 0x00000000c5800000| Untracked 
|  63|0x00000000c5900000, 0x00000000c5900000, 0x00000000c5a00000|  0%| F|  |TAMS 0x00000000c5900000, 0x00000000c5900000| Untracked 
|  64|0x00000000c5a00000, 0x00000000c5a00000, 0x00000000c5b00000|  0%| F|  |TAMS 0x00000000c5a00000, 0x00000000c5a00000| Untracked 
|  65|0x00000000c5b00000, 0x00000000c5b00000, 0x00000000c5c00000|  0%| F|  |TAMS 0x00000000c5b00000, 0x00000000c5b00000| Untracked 
|  66|0x00000000c5c00000, 0x00000000c5c00000, 0x00000000c5d00000|  0%| F|  |TAMS 0x00000000c5c00000, 0x00000000c5c00000| Untracked 
|  67|0x00000000c5d00000, 0x00000000c5e00000, 0x00000000c5e00000|100%| O|  |TAMS 0x00000000c5e00000, 0x00000000c5d00000| Untracked 
|  68|0x00000000c5e00000, 0x00000000c5f00000, 0x00000000c5f00000|100%| O|  |TAMS 0x00000000c5f00000, 0x00000000c5e00000| Untracked 
|  69|0x00000000c5f00000, 0x00000000c6000000, 0x00000000c6000000|100%| O|  |TAMS 0x00000000c6000000, 0x00000000c5f00000| Untracked 
|  70|0x00000000c6000000, 0x00000000c6000000, 0x00000000c6100000|  0%| F|  |TAMS 0x00000000c6000000, 0x00000000c6000000| Untracked 
|  71|0x00000000c6100000, 0x00000000c6100000, 0x00000000c6200000|  0%| F|  |TAMS 0x00000000c6100000, 0x00000000c6100000| Untracked 
|  72|0x00000000c6200000, 0x00000000c6200000, 0x00000000c6300000|  0%| F|  |TAMS 0x00000000c6200000, 0x00000000c6200000| Untracked 
|  73|0x00000000c6300000, 0x00000000c6300000, 0x00000000c6400000|  0%| F|  |TAMS 0x00000000c6300000, 0x00000000c6300000| Untracked 
|  74|0x00000000c6400000, 0x00000000c6400000, 0x00000000c6500000|  0%| F|  |TAMS 0x00000000c6400000, 0x00000000c6400000| Untracked 
|  75|0x00000000c6500000, 0x00000000c6500000, 0x00000000c6600000|  0%| F|  |TAMS 0x00000000c6500000, 0x00000000c6500000| Untracked 
|  76|0x00000000c6600000, 0x00000000c6600000, 0x00000000c6700000|  0%| F|  |TAMS 0x00000000c6600000, 0x00000000c6600000| Untracked 
|  77|0x00000000c6700000, 0x00000000c6700000, 0x00000000c6800000|  0%| F|  |TAMS 0x00000000c6700000, 0x00000000c6700000| Untracked 
|  78|0x00000000c6800000, 0x00000000c6800000, 0x00000000c6900000|  0%| F|  |TAMS 0x00000000c6800000, 0x00000000c6800000| Untracked 
|  79|0x00000000c6900000, 0x00000000c6900000, 0x00000000c6a00000|  0%| F|  |TAMS 0x00000000c6900000, 0x00000000c6900000| Untracked 
|  80|0x00000000c6a00000, 0x00000000c6a00000, 0x00000000c6b00000|  0%| F|  |TAMS 0x00000000c6a00000, 0x00000000c6a00000| Untracked 
|  81|0x00000000c6b00000, 0x00000000c6b00000, 0x00000000c6c00000|  0%| F|  |TAMS 0x00000000c6b00000, 0x00000000c6b00000| Untracked 
|  82|0x00000000c6c00000, 0x00000000c6c00000, 0x00000000c6d00000|  0%| F|  |TAMS 0x00000000c6c00000, 0x00000000c6c00000| Untracked 
|  83|0x00000000c6d00000, 0x00000000c6d00000, 0x00000000c6e00000|  0%| F|  |TAMS 0x00000000c6d00000, 0x00000000c6d00000| Untracked 
|  84|0x00000000c6e00000, 0x00000000c6e00000, 0x00000000c6f00000|  0%| F|  |TAMS 0x00000000c6e00000, 0x00000000c6e00000| Untracked 
|  85|0x00000000c6f00000, 0x00000000c6f00000, 0x00000000c7000000|  0%| F|  |TAMS 0x00000000c6f00000, 0x00000000c6f00000| Untracked 
|  86|0x00000000c7000000, 0x00000000c7000000, 0x00000000c7100000|  0%| F|  |TAMS 0x00000000c7000000, 0x00000000c7000000| Untracked 
|  87|0x00000000c7100000, 0x00000000c7100000, 0x00000000c7200000|  0%| F|  |TAMS 0x00000000c7100000, 0x00000000c7100000| Untracked 
|  88|0x00000000c7200000, 0x00000000c7200000, 0x00000000c7300000|  0%| F|  |TAMS 0x00000000c7200000, 0x00000000c7200000| Untracked 
|  89|0x00000000c7300000, 0x00000000c7300000, 0x00000000c7400000|  0%| F|  |TAMS 0x00000000c7300000, 0x00000000c7300000| Untracked 
|  90|0x00000000c7400000, 0x00000000c7400000, 0x00000000c7500000|  0%| F|  |TAMS 0x00000000c7400000, 0x00000000c7400000| Untracked 
|  91|0x00000000c7500000, 0x00000000c7500000, 0x00000000c7600000|  0%| F|  |TAMS 0x00000000c7500000, 0x00000000c7500000| Untracked 
|  92|0x00000000c7600000, 0x00000000c7600000, 0x00000000c7700000|  0%| F|  |TAMS 0x00000000c7600000, 0x00000000c7600000| Untracked 
|  93|0x00000000c7700000, 0x00000000c7700000, 0x00000000c7800000|  0%| F|  |TAMS 0x00000000c7700000, 0x00000000c7700000| Untracked 
|  94|0x00000000c7800000, 0x00000000c7800000, 0x00000000c7900000|  0%| F|  |TAMS 0x00000000c7800000, 0x00000000c7800000| Untracked 
|  95|0x00000000c7900000, 0x00000000c7900000, 0x00000000c7a00000|  0%| F|  |TAMS 0x00000000c7900000, 0x00000000c7900000| Untracked 
|  96|0x00000000c7a00000, 0x00000000c7a00000, 0x00000000c7b00000|  0%| F|  |TAMS 0x00000000c7a00000, 0x00000000c7a00000| Untracked 
|  97|0x00000000c7b00000, 0x00000000c7b00000, 0x00000000c7c00000|  0%| F|  |TAMS 0x00000000c7b00000, 0x00000000c7b00000| Untracked 
|  98|0x00000000c7c00000, 0x00000000c7c00000, 0x00000000c7d00000|  0%| F|  |TAMS 0x00000000c7c00000, 0x00000000c7c00000| Untracked 
|  99|0x00000000c7d00000, 0x00000000c7d00000, 0x00000000c7e00000|  0%| F|  |TAMS 0x00000000c7d00000, 0x00000000c7d00000| Untracked 
| 100|0x00000000c7e00000, 0x00000000c7e00000, 0x00000000c7f00000|  0%| F|  |TAMS 0x00000000c7e00000, 0x00000000c7e00000| Untracked 
| 101|0x00000000c7f00000, 0x00000000c7f00000, 0x00000000c8000000|  0%| F|  |TAMS 0x00000000c7f00000, 0x00000000c7f00000| Untracked 
| 102|0x00000000c8000000, 0x00000000c8000000, 0x00000000c8100000|  0%| F|  |TAMS 0x00000000c8000000, 0x00000000c8000000| Untracked 
| 103|0x00000000c8100000, 0x00000000c8100000, 0x00000000c8200000|  0%| F|  |TAMS 0x00000000c8100000, 0x00000000c8100000| Untracked 
| 104|0x00000000c8200000, 0x00000000c8200000, 0x00000000c8300000|  0%| F|  |TAMS 0x00000000c8200000, 0x00000000c8200000| Untracked 
| 105|0x00000000c8300000, 0x00000000c8300000, 0x00000000c8400000|  0%| F|  |TAMS 0x00000000c8300000, 0x00000000c8300000| Untracked 
| 106|0x00000000c8400000, 0x00000000c8400000, 0x00000000c8500000|  0%| F|  |TAMS 0x00000000c8400000, 0x00000000c8400000| Untracked 
| 107|0x00000000c8500000, 0x00000000c8500000, 0x00000000c8600000|  0%| F|  |TAMS 0x00000000c8500000, 0x00000000c8500000| Untracked 
| 108|0x00000000c8600000, 0x00000000c8600000, 0x00000000c8700000|  0%| F|  |TAMS 0x00000000c8600000, 0x00000000c8600000| Untracked 
| 109|0x00000000c8700000, 0x00000000c8700000, 0x00000000c8800000|  0%| F|  |TAMS 0x00000000c8700000, 0x00000000c8700000| Untracked 
| 110|0x00000000c8800000, 0x00000000c8800000, 0x00000000c8900000|  0%| F|  |TAMS 0x00000000c8800000, 0x00000000c8800000| Untracked 
| 111|0x00000000c8900000, 0x00000000c8900000, 0x00000000c8a00000|  0%| F|  |TAMS 0x00000000c8900000, 0x00000000c8900000| Untracked 
| 112|0x00000000c8a00000, 0x00000000c8a00000, 0x00000000c8b00000|  0%| F|  |TAMS 0x00000000c8a00000, 0x00000000c8a00000| Untracked 
| 113|0x00000000c8b00000, 0x00000000c8b00000, 0x00000000c8c00000|  0%| F|  |TAMS 0x00000000c8b00000, 0x00000000c8b00000| Untracked 
| 114|0x00000000c8c00000, 0x00000000c8c00000, 0x00000000c8d00000|  0%| F|  |TAMS 0x00000000c8c00000, 0x00000000c8c00000| Untracked 
| 115|0x00000000c8d00000, 0x00000000c8d00000, 0x00000000c8e00000|  0%| F|  |TAMS 0x00000000c8d00000, 0x00000000c8d00000| Untracked 
| 116|0x00000000c8e00000, 0x00000000c8e00000, 0x00000000c8f00000|  0%| F|  |TAMS 0x00000000c8e00000, 0x00000000c8e00000| Untracked 
| 117|0x00000000c8f00000, 0x00000000c8f00000, 0x00000000c9000000|  0%| F|  |TAMS 0x00000000c8f00000, 0x00000000c8f00000| Untracked 
| 118|0x00000000c9000000, 0x00000000c9000000, 0x00000000c9100000|  0%| F|  |TAMS 0x00000000c9000000, 0x00000000c9000000| Untracked 
| 119|0x00000000c9100000, 0x00000000c9100000, 0x00000000c9200000|  0%| F|  |TAMS 0x00000000c9100000, 0x00000000c9100000| Untracked 
| 120|0x00000000c9200000, 0x00000000c9200000, 0x00000000c9300000|  0%| F|  |TAMS 0x00000000c9200000, 0x00000000c9200000| Untracked 
| 121|0x00000000c9300000, 0x00000000c9300000, 0x00000000c9400000|  0%| F|  |TAMS 0x00000000c9300000, 0x00000000c9300000| Untracked 
| 122|0x00000000c9400000, 0x00000000c9400000, 0x00000000c9500000|  0%| F|  |TAMS 0x00000000c9400000, 0x00000000c9400000| Untracked 
| 123|0x00000000c9500000, 0x00000000c9500000, 0x00000000c9600000|  0%| F|  |TAMS 0x00000000c9500000, 0x00000000c9500000| Untracked 
| 124|0x00000000c9600000, 0x00000000c9600000, 0x00000000c9700000|  0%| F|  |TAMS 0x00000000c9600000, 0x00000000c9600000| Untracked 
| 125|0x00000000c9700000, 0x00000000c9700000, 0x00000000c9800000|  0%| F|  |TAMS 0x00000000c9700000, 0x00000000c9700000| Untracked 
| 126|0x00000000c9800000, 0x00000000c9800000, 0x00000000c9900000|  0%| F|  |TAMS 0x00000000c9800000, 0x00000000c9800000| Untracked 
| 127|0x00000000c9900000, 0x00000000c9900000, 0x00000000c9a00000|  0%| F|  |TAMS 0x00000000c9900000, 0x00000000c9900000| Untracked 
| 128|0x00000000c9a00000, 0x00000000c9a00000, 0x00000000c9b00000|  0%| F|  |TAMS 0x00000000c9a00000, 0x00000000c9a00000| Untracked 
| 129|0x00000000c9b00000, 0x00000000c9b00000, 0x00000000c9c00000|  0%| F|  |TAMS 0x00000000c9b00000, 0x00000000c9b00000| Untracked 
| 130|0x00000000c9c00000, 0x00000000c9c00000, 0x00000000c9d00000|  0%| F|  |TAMS 0x00000000c9c00000, 0x00000000c9c00000| Untracked 
| 131|0x00000000c9d00000, 0x00000000c9d00000, 0x00000000c9e00000|  0%| F|  |TAMS 0x00000000c9d00000, 0x00000000c9d00000| Untracked 
| 132|0x00000000c9e00000, 0x00000000c9e00000, 0x00000000c9f00000|  0%| F|  |TAMS 0x00000000c9e00000, 0x00000000c9e00000| Untracked 
| 133|0x00000000c9f00000, 0x00000000c9f058a8, 0x00000000ca000000|  2%| E|  |TAMS 0x00000000c9f00000, 0x00000000c9f00000| Complete 

Card table byte_map: [0x00000210b4f10000,0x00000210b5110000] _byte_map_base: 0x00000210b4903000

Marking Bits (Prev, Next): (CMBitMap*) 0x00000210ad463460, (CMBitMap*) 0x00000210ad4634a0
 Prev Bits: [0x00000210b5310000, 0x00000210b62a8000)
 Next Bits: [0x00000210b62b0000, 0x00000210b7248000)

Polling page: 0x00000210ad1c0000

Metaspace:

Usage:
  Non-class:     54.13 MB used.
      Class:      8.36 MB used.
       Both:     62.49 MB used.

Virtual space:
  Non-class space:       56.00 MB reserved,      54.38 MB ( 97%) committed,  7 nodes.
      Class space:        1.00 GB reserved,       8.56 MB ( <1%) committed,  1 nodes.
             Both:        1.05 GB reserved,      62.94 MB (  6%) committed. 

Chunk freelists:
   Non-Class:  1.28 MB
       Class:  3.29 MB
        Both:  4.57 MB

MaxMetaspaceSize: unlimited
CompressedClassSpaceSize: 1.00 GB
Initial GC threshold: 21.00 MB
Current GC threshold: 104.94 MB
CDS: off
MetaspaceReclaimPolicy: balanced
 - commit_granule_bytes: 65536.
 - commit_granule_words: 8192.
 - virtual_space_node_default_size: 1048576.
 - enlarge_chunks_in_place: 1.
 - new_chunks_are_fully_committed: 0.
 - uncommit_free_chunks: 1.
 - use_allocation_guard: 0.
 - handle_deallocations: 1.


Internal statistics:

num_allocs_failed_limit: 8.
num_arena_births: 620.
num_arena_deaths: 180.
num_vsnodes_births: 8.
num_vsnodes_deaths: 0.
num_space_committed: 1007.
num_space_uncommitted: 0.
num_chunks_returned_to_freelist: 225.
num_chunks_taken_from_freelist: 2611.
num_chunk_merges: 67.
num_chunk_splits: 1815.
num_chunks_enlarged: 1417.
num_purges: 12.
num_inconsistent_stats: 0.

CodeCache: size=49152Kb used=18673Kb max_used=19236Kb free=30478Kb
 bounds [0x00000210b1870000, 0x00000210b2bb0000, 0x00000210b4870000]
 total_blobs=10520 nmethods=9864 adapters=582
 compilation: enabled
              stopped_count=0, restarted_count=0
 full_count=0

Compilation events (20 events):
Event: 18972.939 Thread 0x00000210bc3902e0 nmethod 10105 0x00000210b2a32790 code [0x00000210b2a32980, 0x00000210b2a32d78]
Event: 18972.941 Thread 0x00000210b9845f70 nmethod 10104 0x00000210b2a32490 code [0x00000210b2a32620, 0x00000210b2a326f8]
Event: 18973.220 Thread 0x00000210bc3902e0 10111       1       jdk.internal.misc.Unsafe::allocateMemoryChecks (6 bytes)
Event: 18973.220 Thread 0x00000210b9845f70 10110       1       jdk.internal.misc.Unsafe::allocateMemory (65 bytes)
Event: 18973.221 Thread 0x00000210bc3902e0 nmethod 10111 0x00000210b2a31c90 code [0x00000210b2a31e20, 0x00000210b2a31f88]
Event: 18973.221 Thread 0x00000210b9845f70 nmethod 10110 0x00000210b2a31290 code [0x00000210b2a314c0, 0x00000210b2a31a18]
Event: 18973.260 Thread 0x00000210b9845f70 10113       1       com.sun.tools.javac.code.Symbol::complete (30 bytes)
Event: 18973.261 Thread 0x00000210bc3902e0 10114       1       com.sun.tools.javac.code.Symtab::lookupPackage (259 bytes)
Event: 18973.262 Thread 0x00000210b9845f70 nmethod 10113 0x00000210b2a30f10 code [0x00000210b2a310c0, 0x00000210b2a31228]
Event: 18973.263 Thread 0x00000210b9845f70 10116       1       com.sun.tools.javac.code.Symtab$$Lambda$818/0x00000001006e9370::<init> (10 bytes)
Event: 18973.263 Thread 0x00000210b9845f70 nmethod 10116 0x00000210b2a30c10 code [0x00000210b2a30da0, 0x00000210b2a30eb8]
Event: 18973.263 Thread 0x00000210b9845f70 10117       1       com.sun.tools.javac.util.Assert::checkNonNull (18 bytes)
Event: 18973.266 Thread 0x00000210b9845f70 nmethod 10117 0x00000210b2a30790 code [0x00000210b2a30940, 0x00000210b2a30ad8]
Event: 18973.266 Thread 0x00000210b9845f70 10118       1       com.sun.tools.javac.code.Symtab$$Lambda$819/0x00000001006e9590::apply (8 bytes)
Event: 18973.266 Thread 0x00000210b9845f70 nmethod 10118 0x00000210b2a30410 code [0x00000210b2a305a0, 0x00000210b2a306f8]
Event: 18973.266 Thread 0x00000210b9845f70 10119       1       com.sun.tools.javac.code.Symtab::lambda$doEnterClass$5 (8 bytes)
Event: 18973.267 Thread 0x00000210b9845f70 nmethod 10119 0x00000210b2a30090 code [0x00000210b2a30220, 0x00000210b2a30338]
Event: 18973.267 Thread 0x00000210b9845f70 10115       1       com.sun.tools.javac.code.Symtab::getClass (42 bytes)
Event: 18973.268 Thread 0x00000210b9845f70 nmethod 10115 0x00000210b2a2f810 code [0x00000210b2a2fa00, 0x00000210b2a2fe18]
Event: 18973.275 Thread 0x00000210bc3902e0 nmethod 10114 0x00000210b2a2d690 code [0x00000210b2a2da80, 0x00000210b2a2eef8]

GC Heap History (20 events):
Event: 18787.585 GC heap before
{Heap before GC invocations=992 (full 926):
 garbage-first heap   total 137216K, used 39870K [0x00000000c1a00000, 0x0000000100000000)
  region size 1024K, 1 young (1024K), 0 survivors (0K)
 Metaspace       used 63990K, committed 64448K, reserved 1105920K
  class space    used 8560K, committed 8768K, reserved 1048576K
}
Event: 18787.639 GC heap after
{Heap after GC invocations=993 (full 927):
 garbage-first heap   total 137216K, used 39870K [0x00000000c1a00000, 0x0000000100000000)
  region size 1024K, 0 young (0K), 0 survivors (0K)
 Metaspace       used 63990K, committed 64448K, reserved 1105920K
  class space    used 8560K, committed 8768K, reserved 1048576K
}
Event: 18797.883 GC heap before
{Heap before GC invocations=993 (full 927):
 garbage-first heap   total 137216K, used 39870K [0x00000000c1a00000, 0x0000000100000000)
  region size 1024K, 1 young (1024K), 0 survivors (0K)
 Metaspace       used 63990K, committed 64448K, reserved 1105920K
  class space    used 8560K, committed 8768K, reserved 1048576K
}
Event: 18797.943 GC heap after
{Heap after GC invocations=994 (full 928):
 garbage-first heap   total 137216K, used 39870K [0x00000000c1a00000, 0x0000000100000000)
  region size 1024K, 0 young (0K), 0 survivors (0K)
 Metaspace       used 63990K, committed 64448K, reserved 1105920K
  class space    used 8560K, committed 8768K, reserved 1048576K
}
Event: 18808.355 GC heap before
{Heap before GC invocations=994 (full 928):
 garbage-first heap   total 137216K, used 39870K [0x00000000c1a00000, 0x0000000100000000)
  region size 1024K, 1 young (1024K), 0 survivors (0K)
 Metaspace       used 63990K, committed 64448K, reserved 1105920K
  class space    used 8560K, committed 8768K, reserved 1048576K
}
Event: 18808.412 GC heap after
{Heap after GC invocations=995 (full 929):
 garbage-first heap   total 137216K, used 39870K [0x00000000c1a00000, 0x0000000100000000)
  region size 1024K, 0 young (0K), 0 survivors (0K)
 Metaspace       used 63990K, committed 64448K, reserved 1105920K
  class space    used 8560K, committed 8768K, reserved 1048576K
}
Event: 18818.622 GC heap before
{Heap before GC invocations=995 (full 929):
 garbage-first heap   total 137216K, used 39870K [0x00000000c1a00000, 0x0000000100000000)
  region size 1024K, 1 young (1024K), 0 survivors (0K)
 Metaspace       used 63990K, committed 64448K, reserved 1105920K
  class space    used 8560K, committed 8768K, reserved 1048576K
}
Event: 18818.679 GC heap after
{Heap after GC invocations=996 (full 930):
 garbage-first heap   total 137216K, used 39870K [0x00000000c1a00000, 0x0000000100000000)
  region size 1024K, 0 young (0K), 0 survivors (0K)
 Metaspace       used 63990K, committed 64448K, reserved 1105920K
  class space    used 8560K, committed 8768K, reserved 1048576K
}
Event: 18828.921 GC heap before
{Heap before GC invocations=996 (full 930):
 garbage-first heap   total 137216K, used 39870K [0x00000000c1a00000, 0x0000000100000000)
  region size 1024K, 1 young (1024K), 0 survivors (0K)
 Metaspace       used 63990K, committed 64448K, reserved 1105920K
  class space    used 8560K, committed 8768K, reserved 1048576K
}
Event: 18828.982 GC heap after
{Heap after GC invocations=997 (full 931):
 garbage-first heap   total 137216K, used 39870K [0x00000000c1a00000, 0x0000000100000000)
  region size 1024K, 0 young (0K), 0 survivors (0K)
 Metaspace       used 63990K, committed 64448K, reserved 1105920K
  class space    used 8560K, committed 8768K, reserved 1048576K
}
Event: 18839.176 GC heap before
{Heap before GC invocations=997 (full 931):
 garbage-first heap   total 137216K, used 39870K [0x00000000c1a00000, 0x0000000100000000)
  region size 1024K, 1 young (1024K), 0 survivors (0K)
 Metaspace       used 63990K, committed 64448K, reserved 1105920K
  class space    used 8560K, committed 8768K, reserved 1048576K
}
Event: 18839.224 GC heap after
{Heap after GC invocations=998 (full 932):
 garbage-first heap   total 137216K, used 39870K [0x00000000c1a00000, 0x0000000100000000)
  region size 1024K, 0 young (0K), 0 survivors (0K)
 Metaspace       used 63990K, committed 64448K, reserved 1105920K
  class space    used 8560K, committed 8768K, reserved 1048576K
}
Event: 18940.526 GC heap before
{Heap before GC invocations=998 (full 932):
 garbage-first heap   total 137216K, used 48062K [0x00000000c1a00000, 0x0000000100000000)
  region size 1024K, 9 young (9216K), 0 survivors (0K)
 Metaspace       used 63990K, committed 64448K, reserved 1105920K
  class space    used 8560K, committed 8768K, reserved 1048576K
}
Event: 18940.969 GC heap after
{Heap after GC invocations=999 (full 933):
 garbage-first heap   total 137216K, used 39834K [0x00000000c1a00000, 0x0000000100000000)
  region size 1024K, 0 young (0K), 0 survivors (0K)
 Metaspace       used 63990K, committed 64448K, reserved 1105920K
  class space    used 8560K, committed 8768K, reserved 1048576K
}
Event: 18955.310 GC heap before
{Heap before GC invocations=999 (full 933):
 garbage-first heap   total 137216K, used 40858K [0x00000000c1a00000, 0x0000000100000000)
  region size 1024K, 2 young (2048K), 0 survivors (0K)
 Metaspace       used 63990K, committed 64448K, reserved 1105920K
  class space    used 8560K, committed 8768K, reserved 1048576K
}
Event: 18955.544 GC heap after
{Heap after GC invocations=1000 (full 934):
 garbage-first heap   total 137216K, used 39833K [0x00000000c1a00000, 0x0000000100000000)
  region size 1024K, 0 young (0K), 0 survivors (0K)
 Metaspace       used 63990K, committed 64448K, reserved 1105920K
  class space    used 8560K, committed 8768K, reserved 1048576K
}
Event: 18971.900 GC heap before
{Heap before GC invocations=1000 (full 934):
 garbage-first heap   total 137216K, used 117657K [0x00000000c1a00000, 0x0000000100000000)
  region size 1024K, 76 young (77824K), 0 survivors (0K)
 Metaspace       used 63993K, committed 64448K, reserved 1105920K
  class space    used 8561K, committed 8768K, reserved 1048576K
}
Event: 18971.928 GC heap after
{Heap after GC invocations=1001 (full 934):
 garbage-first heap   total 137216K, used 42606K [0x00000000c1a00000, 0x0000000100000000)
  region size 1024K, 3 young (3072K), 3 survivors (3072K)
 Metaspace       used 63993K, committed 64448K, reserved 1105920K
  class space    used 8561K, committed 8768K, reserved 1048576K
}
Event: 19010.673 GC heap before
{Heap before GC invocations=1001 (full 934):
 garbage-first heap   total 137216K, used 70254K [0x00000000c1a00000, 0x0000000100000000)
  region size 1024K, 31 young (31744K), 3 survivors (3072K)
 Metaspace       used 63993K, committed 64448K, reserved 1105920K
  class space    used 8561K, committed 8768K, reserved 1048576K
}
Event: 19011.122 GC heap after
{Heap after GC invocations=1002 (full 935):
 garbage-first heap   total 137216K, used 39822K [0x00000000c1a00000, 0x0000000100000000)
  region size 1024K, 0 young (0K), 0 survivors (0K)
 Metaspace       used 63993K, committed 64448K, reserved 1105920K
  class space    used 8561K, committed 8768K, reserved 1048576K
}

Dll operation events (9 events):
Event: 0.046 Loaded shared library c:\Users\kelve\.vscode\extensions\redhat.java-1.13.0-win32-x64\jre\17.0.5-win32-x86_64\bin\java.dll
Event: 1.179 Loaded shared library C:\Users\kelve\.vscode\extensions\redhat.java-1.13.0-win32-x64\jre\17.0.5-win32-x86_64\bin\net.dll
Event: 1.184 Loaded shared library C:\Users\kelve\.vscode\extensions\redhat.java-1.13.0-win32-x64\jre\17.0.5-win32-x86_64\bin\nio.dll
Event: 1.984 Loaded shared library C:\Users\kelve\.vscode\extensions\redhat.java-1.13.0-win32-x64\jre\17.0.5-win32-x86_64\bin\zip.dll
Event: 17.843 Loaded shared library c:\Users\kelve\.vscode\extensions\redhat.java-1.13.0-win32-x64\jre\17.0.5-win32-x86_64\bin\verify.dll
Event: 17.883 Loaded shared library C:\Users\kelve\.vscode\extensions\redhat.java-1.13.0-win32-x64\jre\17.0.5-win32-x86_64\bin\jimage.dll
Event: 26.162 Loaded shared library C:\Users\kelve\.vscode\extensions\redhat.java-1.13.0-win32-x64\jre\17.0.5-win32-x86_64\bin\management.dll
Event: 26.218 Loaded shared library C:\Users\kelve\.vscode\extensions\redhat.java-1.13.0-win32-x64\jre\17.0.5-win32-x86_64\bin\management_ext.dll
Event: 44.670 Loaded shared library C:\Users\kelve\.vscode\extensions\redhat.java-1.13.0-win32-x64\jre\17.0.5-win32-x86_64\bin\sunmscapi.dll

Deoptimization events (20 events):
Event: 59.836 Thread 0x00000210bc105a10 DEOPT PACKING pc=0x00000210b1d2f152 sp=0x000000cb0d8fd5f0
Event: 59.836 Thread 0x00000210bc105a10 DEOPT UNPACKING pc=0x00000210b18c2b43 sp=0x000000cb0d8fcaf8 mode 3
Event: 61.801 Thread 0x00000210bc105a10 DEOPT PACKING pc=0x00000210b28108f4 sp=0x000000cb0d8fdd70
Event: 61.801 Thread 0x00000210bc105a10 DEOPT UNPACKING pc=0x00000210b18c2b43 sp=0x000000cb0d8fd268 mode 0
Event: 61.801 Thread 0x00000210bc105a10 DEOPT PACKING pc=0x00000210b27d7274 sp=0x000000cb0d8fde40
Event: 61.801 Thread 0x00000210bc105a10 DEOPT UNPACKING pc=0x00000210b18c2b43 sp=0x000000cb0d8fd318 mode 0
Event: 61.801 Thread 0x00000210bc105a10 DEOPT PACKING pc=0x00000210b27d00a4 sp=0x000000cb0d8fdef0
Event: 61.801 Thread 0x00000210bc105a10 DEOPT UNPACKING pc=0x00000210b18c2b43 sp=0x000000cb0d8fd470 mode 0
Event: 61.803 Thread 0x00000210bc105a10 DEOPT PACKING pc=0x00000210b282502c sp=0x000000cb0d8fe1f0
Event: 61.804 Thread 0x00000210bc105a10 DEOPT UNPACKING pc=0x00000210b18c2b43 sp=0x000000cb0d8fd680 mode 0
Event: 195.836 Thread 0x00000210bbbb4960 DEOPT PACKING pc=0x00000210b1e8d3d4 sp=0x000000cb0d1fec40
Event: 195.837 Thread 0x00000210bbbb4960 DEOPT UNPACKING pc=0x00000210b18c2b43 sp=0x000000cb0d1fe0c8 mode 0
Event: 15819.749 Thread 0x00000210bc2d65f0 DEOPT PACKING pc=0x00000210b291b936 sp=0x000000cb0e6fdd00
Event: 15819.752 Thread 0x00000210bc2d65f0 DEOPT UNPACKING pc=0x00000210b18c2b43 sp=0x000000cb0e6fd1f8 mode 3
Event: 15820.926 Thread 0x00000210bc2d65f0 DEOPT PACKING pc=0x00000210b28e02a0 sp=0x000000cb0e6fdd60
Event: 15820.927 Thread 0x00000210bc2d65f0 DEOPT UNPACKING pc=0x00000210b18c2b43 sp=0x000000cb0e6fd1e0 mode 3
Event: 15821.128 Thread 0x00000210bc2d65f0 DEOPT PACKING pc=0x00000210b28a9dbb sp=0x000000cb0e6fe890
Event: 15821.128 Thread 0x00000210bc2d65f0 DEOPT UNPACKING pc=0x00000210b18c2b43 sp=0x000000cb0e6fdd68 mode 3
Event: 18968.435 Thread 0x00000210bc2d65f0 DEOPT PACKING pc=0x00000210b2ab548f sp=0x000000cb0e6fe7a0
Event: 18968.436 Thread 0x00000210bc2d65f0 DEOPT UNPACKING pc=0x00000210b18c2b43 sp=0x000000cb0e6fdcf0 mode 3

Classes unloaded (20 events):
Event: 179.087 Thread 0x00000210b97f9d00 Unloading class 0x00000001004ea400 'java/lang/invoke/LambdaForm$MH+0x00000001004ea400'
Event: 179.087 Thread 0x00000210b97f9d00 Unloading class 0x00000001004ea000 'java/lang/invoke/LambdaForm$MH+0x00000001004ea000'
Event: 179.087 Thread 0x00000210b97f9d00 Unloading class 0x0000000100350000 'java/lang/invoke/LambdaForm$MH+0x0000000100350000'
Event: 380.461 Thread 0x00000210b97f9d00 Unloading class 0x0000000100830000 'java/lang/invoke/LambdaForm$MH+0x0000000100830000'
Event: 380.461 Thread 0x00000210b97f9d00 Unloading class 0x00000001008a4400 'java/lang/invoke/LambdaForm$MH+0x00000001008a4400'
Event: 380.462 Thread 0x00000210b97f9d00 Unloading class 0x00000001008b0400 'java/lang/invoke/LambdaForm$MH+0x00000001008b0400'
Event: 1229.178 Thread 0x00000210b97f9d00 Unloading class 0x000000010020f800 'java/lang/invoke/LambdaForm$MH+0x000000010020f800'
Event: 1229.178 Thread 0x00000210b97f9d00 Unloading class 0x000000010034c000 'java/lang/invoke/LambdaForm$MH+0x000000010034c000'
Event: 1229.179 Thread 0x00000210b97f9d00 Unloading class 0x000000010034c800 'java/lang/invoke/LambdaForm$MH+0x000000010034c800'
Event: 1229.179 Thread 0x00000210b97f9d00 Unloading class 0x000000010035cc00 'java/lang/invoke/LambdaForm$MH+0x000000010035cc00'
Event: 1229.179 Thread 0x00000210b97f9d00 Unloading class 0x0000000100388800 'java/lang/invoke/LambdaForm$MH+0x0000000100388800'
Event: 1229.180 Thread 0x00000210b97f9d00 Unloading class 0x000000010048c000 'java/lang/invoke/LambdaForm$MH+0x000000010048c000'
Event: 1229.180 Thread 0x00000210b97f9d00 Unloading class 0x00000001004a4000 'java/lang/invoke/LambdaForm$MH+0x00000001004a4000'
Event: 1565.656 Thread 0x00000210b97f9d00 Unloading class 0x00000001008a4800 'java/lang/invoke/LambdaForm$MH+0x00000001008a4800'
Event: 1565.656 Thread 0x00000210b97f9d00 Unloading class 0x00000001000d0000 'java/lang/invoke/LambdaForm$MH+0x00000001000d0000'
Event: 1565.656 Thread 0x00000210b97f9d00 Unloading class 0x00000001000d1000 'java/lang/invoke/LambdaForm$MH+0x00000001000d1000'
Event: 1565.656 Thread 0x00000210b97f9d00 Unloading class 0x000000010035cc00 'java/lang/invoke/LambdaForm$MH+0x000000010035cc00'
Event: 1565.656 Thread 0x00000210b97f9d00 Unloading class 0x000000010034c800 'java/lang/invoke/LambdaForm$MH+0x000000010034c800'
Event: 1565.657 Thread 0x00000210b97f9d00 Unloading class 0x000000010034c000 'java/lang/invoke/LambdaForm$MH+0x000000010034c000'
Event: 1565.657 Thread 0x00000210b97f9d00 Unloading class 0x000000010020f800 'java/lang/invoke/LambdaForm$MH+0x000000010020f800'

Classes redefined (0 events):
No events

Internal exceptions (20 events):
Event: 18970.003 Thread 0x00000210bc2d65f0 Exception <a 'sun/nio/fs/WindowsException'{0x00000000c6dfdf90}> (0x00000000c6dfdf90) 
thrown [s\src\hotspot\share\prims\jni.cpp, line 516]
Event: 18970.165 Thread 0x00000210bc2d65f0 Exception <a 'sun/nio/fs/WindowsException'{0x00000000c6c76ca0}> (0x00000000c6c76ca0) 
thrown [s\src\hotspot\share\prims\jni.cpp, line 516]
Event: 18970.165 Thread 0x00000210bc2d65f0 Exception <a 'sun/nio/fs/WindowsException'{0x00000000c6c77668}> (0x00000000c6c77668) 
thrown [s\src\hotspot\share\prims\jni.cpp, line 516]
Event: 18970.165 Thread 0x00000210bc2d65f0 Exception <a 'sun/nio/fs/WindowsException'{0x00000000c6c77fe0}> (0x00000000c6c77fe0) 
thrown [s\src\hotspot\share\prims\jni.cpp, line 516]
Event: 18970.166 Thread 0x00000210bc2d65f0 Exception <a 'sun/nio/fs/WindowsException'{0x00000000c6c78a70}> (0x00000000c6c78a70) 
thrown [s\src\hotspot\share\prims\jni.cpp, line 516]
Event: 18970.166 Thread 0x00000210bc2d65f0 Exception <a 'sun/nio/fs/WindowsException'{0x00000000c6c79570}> (0x00000000c6c79570) 
thrown [s\src\hotspot\share\prims\jni.cpp, line 516]
Event: 18970.436 Thread 0x00000210bc2d3aa0 Exception <a 'sun/nio/fs/WindowsException'{0x00000000c6317358}> (0x00000000c6317358) 
thrown [s\src\hotspot\share\prims\jni.cpp, line 516]
Event: 18970.436 Thread 0x00000210bc2d3aa0 Exception <a 'sun/nio/fs/WindowsException'{0x00000000c63176e8}> (0x00000000c63176e8) 
thrown [s\src\hotspot\share\prims\jni.cpp, line 516]
Event: 18972.874 Thread 0x00000210bc2d65f0 Exception <a 'sun/nio/fs/WindowsException'{0x00000000c87fcc90}> (0x00000000c87fcc90) 
thrown [s\src\hotspot\share\prims\jni.cpp, line 516]
Event: 18972.874 Thread 0x00000210bc2d65f0 Exception <a 'sun/nio/fs/WindowsException'{0x00000000c87fd658}> (0x00000000c87fd658) 
thrown [s\src\hotspot\share\prims\jni.cpp, line 516]
Event: 18972.874 Thread 0x00000210bc2d65f0 Exception <a 'sun/nio/fs/WindowsException'{0x00000000c87fdfd0}> (0x00000000c87fdfd0) 
thrown [s\src\hotspot\share\prims\jni.cpp, line 516]
Event: 18972.874 Thread 0x00000210bc2d65f0 Exception <a 'sun/nio/fs/WindowsException'{0x00000000c87fea60}> (0x00000000c87fea60) 
thrown [s\src\hotspot\share\prims\jni.cpp, line 516]
Event: 18972.874 Thread 0x00000210bc2d65f0 Exception <a 'sun/nio/fs/WindowsException'{0x00000000c87ff560}> (0x00000000c87ff560) 
thrown [s\src\hotspot\share\prims\jni.cpp, line 516]
Event: 18972.875 Thread 0x00000210bc2d65f0 Exception <a 'sun/nio/fs/WindowsException'{0x00000000c8600a18}> (0x00000000c8600a18) 
thrown [s\src\hotspot\share\prims\jni.cpp, line 516]
Event: 18972.875 Thread 0x00000210bc2d65f0 Exception <a 'sun/nio/fs/WindowsException'{0x00000000c86013e0}> (0x00000000c86013e0) 
thrown [s\src\hotspot\share\prims\jni.cpp, line 516]
Event: 18972.875 Thread 0x00000210bc2d65f0 Exception <a 'sun/nio/fs/WindowsException'{0x00000000c8601d58}> (0x00000000c8601d58) 
thrown [s\src\hotspot\share\prims\jni.cpp, line 516]
Event: 18972.875 Thread 0x00000210bc2d65f0 Exception <a 'sun/nio/fs/WindowsException'{0x00000000c86027e8}> (0x00000000c86027e8) 
thrown [s\src\hotspot\share\prims\jni.cpp, line 516]
Event: 18972.875 Thread 0x00000210bc2d65f0 Exception <a 'sun/nio/fs/WindowsException'{0x00000000c86032e8}> (0x00000000c86032e8) 
thrown [s\src\hotspot\share\prims\jni.cpp, line 516]
Event: 18973.283 Thread 0x00000210bc2d3aa0 Exception <a 'sun/nio/fs/WindowsException'{0x00000000c843fb98}> (0x00000000c843fb98) 
thrown [s\src\hotspot\share\prims\jni.cpp, line 516]
Event: 18973.285 Thread 0x00000210bc2d3aa0 Exception <a 'sun/nio/fs/WindowsException'{0x00000000c843ff28}> (0x00000000c843ff28) 
thrown [s\src\hotspot\share\prims\jni.cpp, line 516]

VM Operations (20 events):
Event: 18965.705 Executing VM operation: Cleanup done
Event: 18966.714 Executing VM operation: Cleanup
Event: 18966.714 Executing VM operation: Cleanup done
Event: 18967.727 Executing VM operation: Cleanup
Event: 18967.731 Executing VM operation: Cleanup done
Event: 18968.739 Executing VM operation: Cleanup
Event: 18968.740 Executing VM operation: Cleanup done
Event: 18969.745 Executing VM operation: Cleanup
Event: 18969.761 Executing VM operation: Cleanup done
Event: 18970.764 Executing VM operation: Cleanup
Event: 18971.162 Executing VM operation: Cleanup done
Event: 18971.897 Executing VM operation: G1CollectForAllocation
Event: 18971.928 Executing VM operation: G1CollectForAllocation done
Event: 18972.932 Executing VM operation: Cleanup
Event: 18972.933 Executing VM operation: Cleanup done
Event: 18973.943 Executing VM operation: Cleanup
Event: 18973.943 Executing VM operation: Cleanup done
Event: 19010.666 Executing VM operation: G1CollectFull
Event: 19011.123 Executing VM operation: G1CollectFull done
Event: 19021.963 Executing VM operation: G1CollectFull

Events (20 events):
Event: 17868.980 Thread 0x00000210bc2d7930 Thread exited: 0x00000210bc2d7930
Event: 17965.641 Thread 0x00000210bc2d52b0 Thread added: 0x00000210bc2d52b0
Event: 18025.659 Thread 0x00000210bc2d52b0 Thread exited: 0x00000210bc2d52b0
Event: 18485.588 Thread 0x00000210bc2da950 Thread added: 0x00000210bc2da950
Event: 18486.753 Thread 0x00000210bc2d4910 Thread added: 0x00000210bc2d4910
Event: 18499.043 Thread 0x00000210bc2d52b0 Thread added: 0x00000210bc2d52b0
Event: 18529.735 Thread 0x00000210bc2d5c50 Thread added: 0x00000210bc2d5c50
Event: 18582.240 Thread 0x00000210bc2da950 Thread exited: 0x00000210bc2da950
Event: 18624.340 Thread 0x00000210bc2d5c50 Thread exited: 0x00000210bc2d5c50
Event: 18629.944 Thread 0x00000210bc2d52b0 Thread exited: 0x00000210bc2d52b0
Event: 18629.945 Thread 0x00000210bc2d4910 Thread exited: 0x00000210bc2d4910
Event: 18843.398 Thread 0x00000210bc2da950 Thread added: 0x00000210bc2da950
Event: 18846.673 Thread 0x00000210bc2d8c70 Thread added: 0x00000210bc2d8c70
Event: 18881.854 Thread 0x00000210bc2d52b0 Thread added: 0x00000210bc2d52b0
Event: 18942.519 Thread 0x00000210bc2d52b0 Thread exited: 0x00000210bc2d52b0
Event: 18964.525 Thread 0x00000210bc2da480 Thread added: 0x00000210bc2da480
Event: 18970.265 Thread 0x00000210bc2d3aa0 Thread added: 0x00000210bc2d3aa0
Event: 18972.900 Thread 0x00000210bc3902e0 Thread added: 0x00000210bc3902e0
Event: 18978.278 Thread 0x00000210bc3902e0 Thread exited: 0x00000210bc3902e0
Event: 18991.428 Thread 0x00000210bc2d3aa0 Thread exited: 0x00000210bc2d3aa0


Dynamic libraries:
0x00007ff7d41f0000 - 0x00007ff7d41fe000 	c:\Users\kelve\.vscode\extensions\redhat.java-1.13.0-win32-x64\jre\17.0.5-win32-x86_64\bin\java.exe
0x00007ffbf9db0000 - 0x00007ffbf9fa8000 	C:\WINDOWS\SYSTEM32\ntdll.dll
0x00007ffbf9820000 - 0x00007ffbf98df000 	C:\WINDOWS\System32\KERNEL32.DLL
0x00007ffbf7660000 - 0x00007ffbf7932000 	C:\WINDOWS\System32\KERNELBASE.dll
0x00007ffbf4730000 - 0x00007ffbf47c1000 	C:\WINDOWS\SYSTEM32\apphelp.dll
0x00007ffbf7a80000 - 0x00007ffbf7b80000 	C:\WINDOWS\System32\ucrtbase.dll
0x00007ffbd5dc0000 - 0x00007ffbd5dd7000 	c:\Users\kelve\.vscode\extensions\redhat.java-1.13.0-win32-x64\jre\17.0.5-win32-x86_64\bin\jli.dll
0x00007ffbcfbc0000 - 0x00007ffbcfbd9000 	c:\Users\kelve\.vscode\extensions\redhat.java-1.13.0-win32-x64\jre\17.0.5-win32-x86_64\bin\VCRUNTIME140.dll
0x00007ffbf86f0000 - 0x00007ffbf888d000 	C:\WINDOWS\System32\USER32.dll
0x00007ffbf7dd0000 - 0x00007ffbf7df2000 	C:\WINDOWS\System32\win32u.dll
0x00007ffbe5d90000 - 0x00007ffbe602a000 	C:\WINDOWS\WinSxS\amd64_microsoft.windows.common-controls_6595b64144ccf1df_6.0.19041.1110_none_60b5254171f9507e\COMCTL32.dll
0x00007ffbf8270000 - 0x00007ffbf829b000 	C:\WINDOWS\System32\GDI32.dll
0x00007ffbf7cc0000 - 0x00007ffbf7dcf000 	C:\WINDOWS\System32\gdi32full.dll
0x00007ffbf7bb0000 - 0x00007ffbf7c4d000 	C:\WINDOWS\System32\msvcp_win.dll
0x00007ffbf9b00000 - 0x00007ffbf9b9e000 	C:\WINDOWS\System32\msvcrt.dll
0x00007ffbf9330000 - 0x00007ffbf9362000 	C:\WINDOWS\System32\IMM32.DLL
0x00007ffbf1160000 - 0x00007ffbf116c000 	c:\Users\kelve\.vscode\extensions\redhat.java-1.13.0-win32-x64\jre\17.0.5-win32-x86_64\bin\vcruntime140_1.dll
0x00007ffb8c690000 - 0x00007ffb8c721000 	c:\Users\kelve\.vscode\extensions\redhat.java-1.13.0-win32-x64\jre\17.0.5-win32-x86_64\bin\msvcp140.dll
0x00007ffb73fe0000 - 0x00007ffb74c24000 	c:\Users\kelve\.vscode\extensions\redhat.java-1.13.0-win32-x64\jre\17.0.5-win32-x86_64\bin\server\jvm.dll
0x00007ffbf9770000 - 0x00007ffbf981e000 	C:\WINDOWS\System32\ADVAPI32.dll
0x00007ffbf9a60000 - 0x00007ffbf9afc000 	C:\WINDOWS\System32\sechost.dll
0x00007ffbf8320000 - 0x00007ffbf8445000 	C:\WINDOWS\System32\RPCRT4.dll
0x00007ffbdaa70000 - 0x00007ffbdaa79000 	C:\WINDOWS\SYSTEM32\WSOCK32.dll
0x00007ffbf9370000 - 0x00007ffbf93db000 	C:\WINDOWS\System32\WS2_32.dll
0x00007ffbd99e0000 - 0x00007ffbd9a07000 	C:\WINDOWS\SYSTEM32\WINMM.dll
0x00007ffbf0590000 - 0x00007ffbf059a000 	C:\WINDOWS\SYSTEM32\VERSION.dll
0x00007ffbf5bb0000 - 0x00007ffbf5bc2000 	C:\WINDOWS\SYSTEM32\kernel.appcore.dll
0x00007ffbe4e20000 - 0x00007ffbe4e2a000 	c:\Users\kelve\.vscode\extensions\redhat.java-1.13.0-win32-x64\jre\17.0.5-win32-x86_64\bin\jimage.dll
0x00007ffbf58c0000 - 0x00007ffbf5aa4000 	C:\WINDOWS\SYSTEM32\DBGHELP.DLL
0x00007ffbe1ca0000 - 0x00007ffbe1ccc000 	C:\WINDOWS\SYSTEM32\dbgcore.DLL
0x00007ffbf79f0000 - 0x00007ffbf7a72000 	C:\WINDOWS\System32\bcryptPrimitives.dll
0x00007ffbbf870000 - 0x00007ffbbf895000 	c:\Users\kelve\.vscode\extensions\redhat.java-1.13.0-win32-x64\jre\17.0.5-win32-x86_64\bin\java.dll
0x00007ffbc3700000 - 0x00007ffbc3718000 	c:\Users\kelve\.vscode\extensions\redhat.java-1.13.0-win32-x64\jre\17.0.5-win32-x86_64\bin\zip.dll
0x00007ffbf89a0000 - 0x00007ffbf90e3000 	C:\WINDOWS\System32\SHELL32.dll
0x00007ffbf5120000 - 0x00007ffbf58b2000 	C:\WINDOWS\SYSTEM32\windows.storage.dll
0x00007ffbf9400000 - 0x00007ffbf9754000 	C:\WINDOWS\System32\combase.dll
0x00007ffbf6e30000 - 0x00007ffbf6e60000 	C:\WINDOWS\SYSTEM32\Wldp.dll
0x00007ffbf88f0000 - 0x00007ffbf899d000 	C:\WINDOWS\System32\SHCORE.dll
0x00007ffbf8890000 - 0x00007ffbf88e5000 	C:\WINDOWS\System32\shlwapi.dll
0x00007ffbf73f0000 - 0x00007ffbf740f000 	C:\WINDOWS\SYSTEM32\profapi.dll
0x00007ffbb9b10000 - 0x00007ffbb9b29000 	C:\Users\kelve\.vscode\extensions\redhat.java-1.13.0-win32-x64\jre\17.0.5-win32-x86_64\bin\net.dll
0x00007ffbf6460000 - 0x00007ffbf656c000 	C:\WINDOWS\SYSTEM32\WINHTTP.dll
0x00007ffbf6c10000 - 0x00007ffbf6c7a000 	C:\WINDOWS\system32\mswsock.dll
0x00007ffbb9820000 - 0x00007ffbb9835000 	C:\Users\kelve\.vscode\extensions\redhat.java-1.13.0-win32-x64\jre\17.0.5-win32-x86_64\bin\nio.dll
0x00007ffbe3450000 - 0x00007ffbe3460000 	c:\Users\kelve\.vscode\extensions\redhat.java-1.13.0-win32-x64\jre\17.0.5-win32-x86_64\bin\verify.dll
0x00007ffbf1400000 - 0x00007ffbf1409000 	C:\Users\kelve\.vscode\extensions\redhat.java-1.13.0-win32-x64\jre\17.0.5-win32-x86_64\bin\management.dll
0x00007ffbf1100000 - 0x00007ffbf110b000 	C:\Users\kelve\.vscode\extensions\redhat.java-1.13.0-win32-x64\jre\17.0.5-win32-x86_64\bin\management_ext.dll
0x00007ffbf8600000 - 0x00007ffbf8608000 	C:\WINDOWS\System32\PSAPI.DLL
0x00007ffbe4990000 - 0x00007ffbe49a7000 	C:\WINDOWS\system32\napinsp.dll
0x00007ffbc0630000 - 0x00007ffbc064b000 	C:\WINDOWS\system32\pnrpnsp.dll
0x00007ffbf2cd0000 - 0x00007ffbf2ced000 	C:\WINDOWS\system32\NLAapi.dll
0x00007ffbf68d0000 - 0x00007ffbf690b000 	C:\WINDOWS\SYSTEM32\IPHLPAPI.DLL
0x00007ffbf2150000 - 0x00007ffbf2165000 	C:\WINDOWS\system32\wshbth.dll
0x00007ffbf6910000 - 0x00007ffbf69da000 	C:\WINDOWS\SYSTEM32\DNSAPI.dll
0x00007ffbf9c30000 - 0x00007ffbf9c38000 	C:\WINDOWS\System32\NSI.dll
0x00007ffbbf920000 - 0x00007ffbbf932000 	C:\WINDOWS\System32\winrnr.dll
0x00007ffbf0580000 - 0x00007ffbf058a000 	C:\Windows\System32\rasadhlp.dll
0x00007ffbe5970000 - 0x00007ffbe59f0000 	C:\WINDOWS\System32\fwpuclnt.dll
0x00007ffbf7b80000 - 0x00007ffbf7ba7000 	C:\WINDOWS\System32\bcrypt.dll
0x00007ffbf6e70000 - 0x00007ffbf6e88000 	C:\WINDOWS\SYSTEM32\CRYPTSP.dll
0x00007ffbf63d0000 - 0x00007ffbf6404000 	C:\WINDOWS\system32\rsaenh.dll
0x00007ffbf7370000 - 0x00007ffbf739e000 	C:\WINDOWS\SYSTEM32\USERENV.dll
0x00007ffbf6da0000 - 0x00007ffbf6dac000 	C:\WINDOWS\SYSTEM32\CRYPTBASE.dll
0x00007ffbed680000 - 0x00007ffbed697000 	C:\WINDOWS\SYSTEM32\dhcpcsvc6.DLL
0x00007ffbeeda0000 - 0x00007ffbeedbd000 	C:\WINDOWS\SYSTEM32\dhcpcsvc.DLL
0x00007ffbf1fa0000 - 0x00007ffbf1fae000 	C:\Users\kelve\.vscode\extensions\redhat.java-1.13.0-win32-x64\jre\17.0.5-win32-x86_64\bin\sunmscapi.dll
0x00007ffbf7500000 - 0x00007ffbf7656000 	C:\WINDOWS\System32\CRYPT32.dll
0x00007ffbf6f80000 - 0x00007ffbf6fa7000 	C:\WINDOWS\SYSTEM32\ncrypt.dll
0x00007ffbf6f40000 - 0x00007ffbf6f7b000 	C:\WINDOWS\SYSTEM32\NTASN1.dll

dbghelp: loaded successfully - version: 4.0.5 - missing functions: none
symbol engine: initialized successfully - sym options: 0x614 - pdb path: .;c:\Users\kelve\.vscode\extensions\redhat.java-1.13.0-win32-x64\jre\17.0.5-win32-x86_64\bin;C:\WINDOWS\SYSTEM32;C:\WINDOWS\WinSxS\amd64_microsoft.windows.common-controls_6595b64144ccf1df_6.0.19041.1110_none_60b5254171f9507e;c:\Users\kelve\.vscode\extensions\redhat.java-1.13.0-win32-x64\jre\17.0.5-win32-x86_64\bin\server

VM Arguments:
jvm_args: -Dsts.lsp.client=vscode -Dsts.log.file=/dev/null -XX:TieredStopAtLevel=1 -Xlog:jni+resolve=off -Dspring.config.location=file:c:\Users\kelve\.vscode\extensions\pivotal.vscode-spring-boot-1.42.0\language-server\BOOT-INF\classes\application.properties 
java_command: org.springframework.ide.vscode.boot.app.BootLanguageServerBootApp
java_class_path (initial): c:\Users\kelve\.vscode\extensions\pivotal.vscode-spring-boot-1.42.0\language-server\BOOT-INF\classes;c:\Users\kelve\.vscode\extensions\pivotal.vscode-spring-boot-1.42.0\language-server\BOOT-INF\lib\annotations-23.1.0.jar;c:\Users\kelve\.vscode\extensions\pivotal.vscode-spring-boot-1.42.0\language-server\BOOT-INF\lib\ant-1.10.12.jar;c:\Users\kelve\.vscode\extensions\pivotal.vscode-spring-boot-1.42.0\language-server\BOOT-INF\lib\ant-launcher-1.10.12.jar;c:\Users\kelve\.vscode\extensions\pivotal.vscode-spring-boot-1.42.0\language-server\BOOT-INF\lib\antlr-runtime-3.5.2.jar;c:\Users\kelve\.vscode\extensions\pivotal.vscode-spring-boot-1.42.0\language-server\BOOT-INF\lib\antlr4-4.9.3.jar;c:\Users\kelve\.vscode\extensions\pivotal.vscode-spring-boot-1.42.0\language-server\BOOT-INF\lib\antlr4-runtime-4.9.3.jar;c:\Users\kelve\.vscode\extensions\pivotal.vscode-spring-boot-1.42.0\language-server\BOOT-INF\lib\apiguardian-api-1.1.2.jar;c:\Users\kelve\.vscode\extensions\pivotal.vscode-spring-boot-1.42.0\language-server\BOOT-INF\lib\asm-9.4.jar;c:\Users\kelve\.vscode\extensions\pivotal.vscode-spring-boot-1.42.0\language-server\BOOT-INF\lib\asm-analysis-9.4.jar;c:\Users\kelve\.vscode\extensions\pivotal.vscode-spring-boot-1.42.0\language-server\BOOT-INF\lib\asm-tree-9.4.jar;c:\Users\kelve\.vscode\extensions\pivotal.vscode-spring-boot-1.42.0\language-server\BOOT-INF\lib\asm-util-9.4.jar;c:\Users\kelve\.vscode\extensions\pivotal.vscode-spring-boot-1.42.0\language-server\BOOT-INF\lib\caffeine-2.9.3.jar;c:\Users\kelve\.vscode\extensions\pivotal.vscode-spring-boot-1.42.0\language-server\BOOT-INF\lib\checker-qual-3.12.0.jar;c:\Users\kelve\.vscode\extensions\pivotal.vscode-spring-boot-1.42.0\language-server\BOOT-INF\lib\ci-environment-9.1.0.jar;c:\Users\kelve\.vscode\extensions\pivotal.vscode-spring-boot-1.42.0\language-server\BOOT-INF\lib\classgraph-4.8.149.jar;c:\Users\kelve\.vscode\extensions\pivotal.vscode-spring-boot-1.42.0\language-server\BOOT-INF\lib\comm
Launcher Type: SUN_STANDARD

[Global flags]
     intx CICompilerCount                          = 3                                         {product} {ergonomic}
     uint ConcGCThreads                            = 1                                         {product} {ergonomic}
     uint G1ConcRefinementThreads                  = 4                                         {product} {ergonomic}
   size_t G1HeapRegionSize                         = 1048576                                   {product} {ergonomic}
    uintx GCDrainStackTargetSize                   = 64                                        {product} {ergonomic}
   size_t InitialHeapSize                          = 67108864                                  {product} {ergonomic}
   size_t MarkStackSize                            = 4194304                                   {product} {ergonomic}
   size_t MaxHeapSize                              = 1046478848                                {product} {ergonomic}
   size_t MaxNewSize                               = 627048448                                 {product} {ergonomic}
   size_t MinHeapDeltaBytes                        = 1048576                                   {product} {ergonomic}
   size_t MinHeapSize                              = 8388608                                   {product} {ergonomic}
    uintx NonProfiledCodeHeapSize                  = 0                                      {pd product} {ergonomic}
     bool ProfileInterpreter                       = false                                  {pd product} {command line}
    uintx ProfiledCodeHeapSize                     = 0                                      {pd product} {ergonomic}
   size_t SoftMaxHeapSize                          = 1046478848                             {manageable} {ergonomic}
     intx TieredStopAtLevel                        = 1                                         {product} {command line}
     bool UseCompressedClassPointers               = true                           {product lp64_product} {ergonomic}
     bool UseCompressedOops                        = true                           {product lp64_product} {ergonomic}
     bool UseG1GC                                  = true                                      {product} {ergonomic}
     bool UseLargePagesIndividualAllocation        = false                                  {pd product} {ergonomic}

Logging:
Log output configuration:
 #0: stdout all=warning,jni+resolve=off uptime,level,tags
 #1: stderr all=off uptime,level,tags

Environment Variables:
JAVA_HOME=C:\Program Files\Java\jdk1.8.0_291
PATH=C:\Program Files\Common Files\Oracle\Java\javapath;C:\Program Files (x86)\Common Files\Oracle\Java\javapath;C:\WINDOWS\system32;C:\WINDOWS;C:\WINDOWS\System32\Wbem;C:\WINDOWS\System32\WindowsPowerShell\v1.0\;C:\WINDOWS\System32\OpenSSH\;C:\Program Files (x86)\Intel\Intel(R) Management Engine Components\DAL;C:\Program Files\Intel\Intel(R) Management Engine Components\DAL;C:\Program Files\Intel\WiFi\bin\;C:\Program Files\Common Files\Intel\WirelessCommon\;C:\Program Files (x86)\Microsoft SQL Server\150\Tools\Binn\;C:\Program Files\Microsoft SQL Server\150\Tools\Binn\;C:\Program Files (x86)\Microsoft SQL Server\150\DTS\Binn\;C:\Program Files\Microsoft SQL Server\150\DTS\Binn\;C:\Program Files\Microsoft SQL Server\Client SDK\ODBC\170\Tools\Binn\;C:\Program Files\Azure Data Studio\bin;C:\Program Files\Java\jdk1.8.0_291\bin;C:\Program Files\Java\jdk-11.0.14\bin;C:\Program Files (x86)\NetSarang\Xshell 7\;C:\Program Files\nodejs\;C:\Program Files\Git\cmd;C:\Program Files\Docker\Docker\resources\bin;C:\ProgramData\DockerDesktop\version-bin;C:\Users\kelve\AppData\Local\Microsoft\WindowsApps;C:\Program Files\Azure Data Studio\bin;C:\Users\kelve\AppData\Local\Programs\Microsoft VS Code\bin;C:\wamp64\bin\mysql\mysql8.0.27\bin;C:\Users\kelve\AppData\Roaming\npm
USERNAME=Elisângela Rosa
OS=Windows_NT
PROCESSOR_IDENTIFIER=Intel64 Family 6 Model 142 Stepping 9, GenuineIntel
TMP=C:\Users\kelve\AppData\Local\Temp
TEMP=C:\Users\kelve\AppData\Local\Temp



---------------  S Y S T E M  ---------------

OS:
 Windows 10 , 64 bit Build 19041 (10.0.19041.2251)
OS uptime: 0 days 14:52 hours
Hyper-V role detected

CPU: total 4 (initial active 4) (2 cores per cpu, 2 threads per core) family 6 model 142 stepping 9 microcode 0xb4, cx8, cmov, fxsr, ht, mmx, 3dnowpref, sse, sse2, sse3, ssse3, sse4.1, sse4.2, popcnt, lzcnt, tsc, tscinvbit, avx, avx2, aes, erms, clmul, bmi1, bmi2, adx, fma, vzeroupper, clflush, clflushopt, hv

Memory: 4k page, system-wide physical 3986M (178M free)
TotalPageFile size 16274M (AvailPageFile size 10M)
current process WorkingSet (physical memory assigned to process): 82M, peak: 677M
current process commit charge ("private bytes"): 311M, peak: 706M

vm_info: OpenJDK 64-Bit Server VM (17.0.5+8) for windows-amd64 JRE (17.0.5+8), built on Oct 19 2022 04:48:13 by "temurin" with MS VC++ 16.7 (VS2019)

END.
